Determining if the include file windows.h exists failed with the following output:
Change Dir: /home/txy/sdp/components/sdk/pcre/pcre-8.45/build/CMakeFiles/CMakeTmp

Run Build Command(s):/usr/bin/gmake -f Makefile cmTC_73ea8/fast && /usr/bin/gmake  -f CMakeFiles/cmTC_73ea8.dir/build.make CMakeFiles/cmTC_73ea8.dir/build
gmake[1]: Entering directory '/home/txy/sdp/components/sdk/pcre/pcre-8.45/build/CMakeFiles/CMakeTmp'
Building C object CMakeFiles/cmTC_73ea8.dir/CheckIncludeFile.c.o
/usr/bin/cc    -o CMakeFiles/cmTC_73ea8.dir/CheckIncludeFile.c.o -c /home/txy/sdp/components/sdk/pcre/pcre-8.45/build/CMakeFiles/CMakeTmp/CheckIncludeFile.c
/home/txy/sdp/components/sdk/pcre/pcre-8.45/build/CMakeFiles/CMakeTmp/CheckIncludeFile.c:1:10: fatal error: windows.h: No such file or directory
    1 | #include <windows.h>
      |          ^~~~~~~~~~~
compilation terminated.
gmake[1]: *** [CMakeFiles/cmTC_73ea8.dir/build.make:78: CMakeFiles/cmTC_73ea8.dir/CheckIncludeFile.c.o] Error 1
gmake[1]: Leaving directory '/home/txy/sdp/components/sdk/pcre/pcre-8.45/build/CMakeFiles/CMakeTmp'
gmake: *** [Makefile:127: cmTC_73ea8/fast] Error 2



Determining if the include file type_traits.h exists failed with the following output:
Change Dir: /home/txy/sdp/components/sdk/pcre/pcre-8.45/build/CMakeFiles/CMakeTmp

Run Build Command(s):/usr/bin/gmake -f Makefile cmTC_5a516/fast && /usr/bin/gmake  -f CMakeFiles/cmTC_5a516.dir/build.make CMakeFiles/cmTC_5a516.dir/build
gmake[1]: Entering directory '/home/txy/sdp/components/sdk/pcre/pcre-8.45/build/CMakeFiles/CMakeTmp'
Building CXX object CMakeFiles/cmTC_5a516.dir/CheckIncludeFile.cxx.o
/usr/bin/c++    -o CMakeFiles/cmTC_5a516.dir/CheckIncludeFile.cxx.o -c /home/txy/sdp/components/sdk/pcre/pcre-8.45/build/CMakeFiles/CMakeTmp/CheckIncludeFile.cxx
/home/txy/sdp/components/sdk/pcre/pcre-8.45/build/CMakeFiles/CMakeTmp/CheckIncludeFile.cxx:1:10: fatal error: type_traits.h: No such file or directory
    1 | #include <type_traits.h>
      |          ^~~~~~~~~~~~~~~
compilation terminated.
gmake[1]: *** [CMakeFiles/cmTC_5a516.dir/build.make:78: CMakeFiles/cmTC_5a516.dir/CheckIncludeFile.cxx.o] Error 1
gmake[1]: Leaving directory '/home/txy/sdp/components/sdk/pcre/pcre-8.45/build/CMakeFiles/CMakeTmp'
gmake: *** [Makefile:127: cmTC_5a516/fast] Error 2



Determining if the include file bits/type_traits.h exists failed with the following output:
Change Dir: /home/txy/sdp/components/sdk/pcre/pcre-8.45/build/CMakeFiles/CMakeTmp

Run Build Command(s):/usr/bin/gmake -f Makefile cmTC_16f57/fast && /usr/bin/gmake  -f CMakeFiles/cmTC_16f57.dir/build.make CMakeFiles/cmTC_16f57.dir/build
gmake[1]: Entering directory '/home/txy/sdp/components/sdk/pcre/pcre-8.45/build/CMakeFiles/CMakeTmp'
Building CXX object CMakeFiles/cmTC_16f57.dir/CheckIncludeFile.cxx.o
/usr/bin/c++    -o CMakeFiles/cmTC_16f57.dir/CheckIncludeFile.cxx.o -c /home/txy/sdp/components/sdk/pcre/pcre-8.45/build/CMakeFiles/CMakeTmp/CheckIncludeFile.cxx
/home/txy/sdp/components/sdk/pcre/pcre-8.45/build/CMakeFiles/CMakeTmp/CheckIncludeFile.cxx:1:10: fatal error: bits/type_traits.h: No such file or directory
    1 | #include <bits/type_traits.h>
      |          ^~~~~~~~~~~~~~~~~~~~
compilation terminated.
gmake[1]: *** [CMakeFiles/cmTC_16f57.dir/build.make:78: CMakeFiles/cmTC_16f57.dir/CheckIncludeFile.cxx.o] Error 1
gmake[1]: Leaving directory '/home/txy/sdp/components/sdk/pcre/pcre-8.45/build/CMakeFiles/CMakeTmp'
gmake: *** [Makefile:127: cmTC_16f57/fast] Error 2



Determining if the function _strtoi64 exists failed with the following output:
Change Dir: /home/txy/sdp/components/sdk/pcre/pcre-8.45/build/CMakeFiles/CMakeTmp

Run Build Command(s):/usr/bin/gmake -f Makefile cmTC_87e18/fast && /usr/bin/gmake  -f CMakeFiles/cmTC_87e18.dir/build.make CMakeFiles/cmTC_87e18.dir/build
gmake[1]: Entering directory '/home/txy/sdp/components/sdk/pcre/pcre-8.45/build/CMakeFiles/CMakeTmp'
Building C object CMakeFiles/cmTC_87e18.dir/CheckFunctionExists.c.o
/usr/bin/cc   -DCHECK_FUNCTION_EXISTS=_strtoi64 -o CMakeFiles/cmTC_87e18.dir/CheckFunctionExists.c.o -c /usr/share/cmake-3.22/Modules/CheckFunctionExists.c
Linking C executable cmTC_87e18
/usr/bin/cmake -E cmake_link_script CMakeFiles/cmTC_87e18.dir/link.txt --verbose=1
/usr/bin/cc  -DCHECK_FUNCTION_EXISTS=_strtoi64 -rdynamic CMakeFiles/cmTC_87e18.dir/CheckFunctionExists.c.o -o cmTC_87e18 
/usr/bin/ld: CMakeFiles/cmTC_87e18.dir/CheckFunctionExists.c.o: in function `main':
CheckFunctionExists.c:(.text+0x14): undefined reference to `_strtoi64'
collect2: error: ld returned 1 exit status
gmake[1]: *** [CMakeFiles/cmTC_87e18.dir/build.make:99: cmTC_87e18] Error 1
gmake[1]: Leaving directory '/home/txy/sdp/components/sdk/pcre/pcre-8.45/build/CMakeFiles/CMakeTmp'
gmake: *** [Makefile:127: cmTC_87e18/fast] Error 2



